<?xml version="1.0" encoding="UTF-8"?>
<!-- Generated by org.testng.reporters.JUnitXMLReporter -->
<testsuite ignored="0" hostname="LAPTOP-JK7K9216" failures="0" tests="3" name="Default test" time="3.615" errors="0" timestamp="2024-07-18T16:44:30 EDT">
  <testcase classname="api.test.dataDrivenTests" name="testUser" time="1.509"/>
  <testcase classname="api.test.dataDrivenTests" name="testUser" time="0.354"/>
  <testcase classname="api.test.dataDrivenTests" name="testUser" time="0.267"/>
</testsuite> <!-- Default test -->
