<?xml version="1.0" encoding="UTF-8"?>
<testng-results ignored="2" total="7" passed="5" failed="0" skipped="0">
  <reporter-output>
  </reporter-output>
  <suite started-at="2024-07-18T17:05:49 EDT" name="RestAssureFramework" finished-at="2024-07-18T17:05:54 EDT" duration-ms="4389">
    <groups>
    </groups>
    <test started-at="2024-07-18T17:05:49 EDT" name="UserTest" finished-at="2024-07-18T17:05:54 EDT" duration-ms="4389">
      <class name="api.test.dataDrivenTests">
        <test-method signature="testUser(java.lang.String,java.lang.String,java.lang.String,java.lang.String,java.lang.String,java.lang.String,java.lang.String)[pri:0, instance:api.test.dataDrivenTests@59505b48]" started-at="2024-07-18T17:05:52 EDT" name="testUser" data-provider="getAllData" finished-at="2024-07-18T17:05:53 EDT" duration-ms="217" status="PASS">
          <params>
            <param index="0">
              <value>
                <![CDATA[1010.0]]>
              </value>
            </param>
            <param index="1">
              <value>
                <![CDATA[testuser1]]>
              </value>
            </param>
            <param index="2">
              <value>
                <![CDATA[KP1]]>
              </value>
            </param>
            <param index="3">
              <value>
                <![CDATA[PT1]]>
              </value>
            </param>
            <param index="4">
              <value>
                <![CDATA[a@gmail.com]]>
              </value>
            </param>
            <param index="5">
              <value>
                <![CDATA[demo@1]]>
              </value>
            </param>
            <param index="6">
              <value>
                <![CDATA[1.234567896E9]]>
              </value>
            </param>
          </params>
          <reporter-output>
          </reporter-output>
        </test-method> <!-- testUser -->
        <test-method is-config="true" signature="Teardown(org.testng.ITestResult)[pri:0, instance:api.test.dataDrivenTests@59505b48]" started-at="2024-07-18T17:05:53 EDT" name="Teardown" finished-at="2024-07-18T17:05:53 EDT" duration-ms="10" status="PASS">
          <params>
            <param index="0">
              <value>
                <![CDATA[[TestResult name=testUser status=SUCCESS method=dataDrivenTests.testUser(java.lang.String,java.lang.String,java.lang.String,java.lang.String,java.lang.String,java.lang.String,java.lang.String)[pri:0, instance:api.test.dataDrivenTests@59505b48] output={null}]]]>
              </value>
            </param>
          </params>
          <reporter-output>
          </reporter-output>
        </test-method> <!-- Teardown -->
        <test-method signature="testUser(java.lang.String,java.lang.String,java.lang.String,java.lang.String,java.lang.String,java.lang.String,java.lang.String)[pri:0, instance:api.test.dataDrivenTests@59505b48]" started-at="2024-07-18T17:05:53 EDT" name="testUser" data-provider="getAllData" finished-at="2024-07-18T17:05:53 EDT" duration-ms="243" status="PASS">
          <params>
            <param index="0">
              <value>
                <![CDATA[1011.0]]>
              </value>
            </param>
            <param index="1">
              <value>
                <![CDATA[testuser2]]>
              </value>
            </param>
            <param index="2">
              <value>
                <![CDATA[KP2]]>
              </value>
            </param>
            <param index="3">
              <value>
                <![CDATA[PT2]]>
              </value>
            </param>
            <param index="4">
              <value>
                <![CDATA[b@gmail.com]]>
              </value>
            </param>
            <param index="5">
              <value>
                <![CDATA[demo@2]]>
              </value>
            </param>
            <param index="6">
              <value>
                <![CDATA[1.234567897E9]]>
              </value>
            </param>
          </params>
          <reporter-output>
          </reporter-output>
        </test-method> <!-- testUser -->
        <test-method is-config="true" signature="Teardown(org.testng.ITestResult)[pri:0, instance:api.test.dataDrivenTests@59505b48]" started-at="2024-07-18T17:05:53 EDT" name="Teardown" finished-at="2024-07-18T17:05:53 EDT" duration-ms="15" status="PASS">
          <params>
            <param index="0">
              <value>
                <![CDATA[[TestResult name=testUser status=SUCCESS method=dataDrivenTests.testUser(java.lang.String,java.lang.String,java.lang.String,java.lang.String,java.lang.String,java.lang.String,java.lang.String)[pri:0, instance:api.test.dataDrivenTests@59505b48] output={null}]]]>
              </value>
            </param>
          </params>
          <reporter-output>
          </reporter-output>
        </test-method> <!-- Teardown -->
        <test-method signature="testUser(java.lang.String,java.lang.String,java.lang.String,java.lang.String,java.lang.String,java.lang.String,java.lang.String)[pri:0, instance:api.test.dataDrivenTests@59505b48]" started-at="2024-07-18T17:05:53 EDT" name="testUser" data-provider="getAllData" finished-at="2024-07-18T17:05:53 EDT" duration-ms="310" status="PASS">
          <params>
            <param index="0">
              <value>
                <![CDATA[1012.0]]>
              </value>
            </param>
            <param index="1">
              <value>
                <![CDATA[testuser3]]>
              </value>
            </param>
            <param index="2">
              <value>
                <![CDATA[KP3]]>
              </value>
            </param>
            <param index="3">
              <value>
                <![CDATA[PT3]]>
              </value>
            </param>
            <param index="4">
              <value>
                <![CDATA[c@gmail.com]]>
              </value>
            </param>
            <param index="5">
              <value>
                <![CDATA[demo@3]]>
              </value>
            </param>
            <param index="6">
              <value>
                <![CDATA[1.234567898E9]]>
              </value>
            </param>
          </params>
          <reporter-output>
          </reporter-output>
        </test-method> <!-- testUser -->
        <test-method is-config="true" signature="Teardown(org.testng.ITestResult)[pri:0, instance:api.test.dataDrivenTests@59505b48]" started-at="2024-07-18T17:05:53 EDT" name="Teardown" finished-at="2024-07-18T17:05:53 EDT" duration-ms="9" status="PASS">
          <params>
            <param index="0">
              <value>
                <![CDATA[[TestResult name=testUser status=SUCCESS method=dataDrivenTests.testUser(java.lang.String,java.lang.String,java.lang.String,java.lang.String,java.lang.String,java.lang.String,java.lang.String)[pri:0, instance:api.test.dataDrivenTests@59505b48] output={null}]]]>
              </value>
            </param>
          </params>
          <reporter-output>
          </reporter-output>
        </test-method> <!-- Teardown -->
      </class> <!-- api.test.dataDrivenTests -->
      <class name="api.test.UserTests">
        <test-method is-config="true" signature="Setup()[pri:0, instance:api.test.UserTests@2dc54ad4]" started-at="2024-07-18T17:05:49 EDT" name="Setup" finished-at="2024-07-18T17:05:49 EDT" duration-ms="185" status="PASS">
          <reporter-output>
          </reporter-output>
        </test-method> <!-- Setup -->
        <test-method is-config="true" signature="setUpData()[pri:0, instance:api.test.UserTests@2dc54ad4]" started-at="2024-07-18T17:05:49 EDT" name="setUpData" finished-at="2024-07-18T17:05:50 EDT" duration-ms="439" status="PASS">
          <reporter-output>
          </reporter-output>
        </test-method> <!-- setUpData -->
        <test-method signature="testPostUser()[pri:1, instance:api.test.UserTests@2dc54ad4]" started-at="2024-07-18T17:05:50 EDT" name="testPostUser" finished-at="2024-07-18T17:05:51 EDT" duration-ms="1454" status="PASS">
          <reporter-output>
          </reporter-output>
        </test-method> <!-- testPostUser -->
        <test-method is-config="true" signature="Teardown(org.testng.ITestResult)[pri:0, instance:api.test.UserTests@2dc54ad4]" started-at="2024-07-18T17:05:51 EDT" name="Teardown" finished-at="2024-07-18T17:05:52 EDT" duration-ms="295" status="PASS">
          <params>
            <param index="0">
              <value>
                <![CDATA[[TestResult name=testPostUser status=SUCCESS method=UserTests.testPostUser()[pri:1, instance:api.test.UserTests@2dc54ad4] output={null}]]]>
              </value>
            </param>
          </params>
          <reporter-output>
          </reporter-output>
        </test-method> <!-- Teardown -->
        <test-method signature="testGetUser()[pri:2, instance:api.test.UserTests@2dc54ad4]" started-at="2024-07-18T17:05:52 EDT" name="testGetUser" finished-at="2024-07-18T17:05:52 EDT" duration-ms="252" status="PASS">
          <reporter-output>
          </reporter-output>
        </test-method> <!-- testGetUser -->
        <test-method is-config="true" signature="Teardown(org.testng.ITestResult)[pri:0, instance:api.test.UserTests@2dc54ad4]" started-at="2024-07-18T17:05:52 EDT" name="Teardown" finished-at="2024-07-18T17:05:52 EDT" duration-ms="32" status="PASS">
          <params>
            <param index="0">
              <value>
                <![CDATA[[TestResult name=testGetUser status=SUCCESS method=UserTests.testGetUser()[pri:2, instance:api.test.UserTests@2dc54ad4] output={null}]]]>
              </value>
            </param>
          </params>
          <reporter-output>
          </reporter-output>
        </test-method> <!-- Teardown -->
        <test-method is-config="true" signature="OpenReport()[pri:0, instance:api.test.UserTests@2dc54ad4]" started-at="2024-07-18T17:05:53 EDT" name="OpenReport" finished-at="2024-07-18T17:05:54 EDT" duration-ms="416" status="PASS">
          <reporter-output>
          </reporter-output>
        </test-method> <!-- OpenReport -->
      </class> <!-- api.test.UserTests -->
    </test> <!-- UserTest -->
  </suite> <!-- RestAssureFramework -->
</testng-results>
