<?xml version="1.0" encoding="UTF-8"?>
<!-- Generated by org.testng.reporters.JUnitXMLReporter -->
<testsuite ignored="2" hostname="LAPTOP-JK7K9216" failures="0" tests="5" name="UserTest" time="4.389" errors="0" timestamp="2024-07-18T17:05:54 EDT">
  <testcase classname="api.test.UserTests" name="testPostUser" time="1.454"/>
  <testcase classname="api.test.UserTests" name="testGetUser" time="0.252"/>
  <testcase classname="api.test.dataDrivenTests" name="testUser" time="0.217"/>
  <testcase classname="api.test.dataDrivenTests" name="testUser" time="0.243"/>
  <testcase classname="api.test.dataDrivenTests" name="testUser" time="0.31"/>
  <testcase classname="com.pages.BaseClass" name="@AfterTest OpenReport" time="0.0">
    <ignored/>
  </testcase> <!-- @AfterTest OpenReport -->
  <testcase classname="com.pages.BaseClass" name="@BeforeTest Setup" time="0.0">
    <ignored/>
  </testcase> <!-- @BeforeTest Setup -->
</testsuite> <!-- UserTest -->
